#
# There is insufficient memory for the Java Runtime Environment to continue.
# Native memory allocation (mmap) failed to map 266338304 bytes for Failed to commit area from 0x0000000702a00000 to 0x0000000712800000 of length 266338304.
# Possible reasons:
#   The system is out of physical RAM or swap space
#   The process is running with CompressedOops enabled, and the Java Heap may be blocking the growth of the native heap
# Possible solutions:
#   Reduce memory load on the system
#   Increase physical memory or swap space
#   Check if swap backing store is full
#   Decrease Java heap size (-Xmx/-Xms)
#   Decrease number of Java threads
#   Decrease Java thread stack sizes (-Xss)
#   Set larger code cache with -XX:ReservedCodeCacheSize=
# This output file may be truncated or incomplete.
#
#  Out of Memory Error (t:/workspace/open/src/hotspot/os/windows/os_windows.cpp:3301), pid=26880, tid=19816
#
# JRE version:  (13.0.2+8) (build )
# Java VM: Java HotSpot(TM) 64-Bit Server VM (13.0.2+8, mixed mode, aot, sharing, tiered, compressed oops, g1 gc, windows-amd64)
# No core dump will be written. Minidumps are not enabled by default on client versions of Windows
#

---------------  S U M M A R Y ------------

Command Line: -Dfile.encoding=Cp1252 view.WorldVeiw

Host: Intel(R) Core(TM) i7-9750H CPU @ 2.60GHz, 12 cores, 15G,  Windows 10 , 64 bit Build 19041 (10.0.19041.1023)
Time: Sat Jun 26 00:56:33 2021 Egypt Standard Time elapsed time: 0 seconds (0d 0h 0m 0s)

---------------  T H R E A D  ---------------

Current thread (0x00000219f6bb7800):  JavaThread "Unknown thread" [_thread_in_vm, id=19816, stack(0x0000005b5fc00000,0x0000005b5fd00000)]

Stack: [0x0000005b5fc00000,0x0000005b5fd00000]
Native frames: (J=compiled Java code, j=interpreted, Vv=VM code, C=native code)
V  [jvm.dll+0x624f9a]
V  [jvm.dll+0x770cfa]
V  [jvm.dll+0x7724af]
V  [jvm.dll+0x772ab3]
V  [jvm.dll+0x24bf08]
V  [jvm.dll+0x6222aa]
V  [jvm.dll+0x6170b5]
V  [jvm.dll+0x30a88c]
V  [jvm.dll+0x30a6c2]
V  [jvm.dll+0x30fe36]
V  [jvm.dll+0x353f46]
V  [jvm.dll+0x353720]
V  [jvm.dll+0x2e550a]
V  [jvm.dll+0x2e67a2]
V  [jvm.dll+0x74dd78]
V  [jvm.dll+0x361989]
V  [jvm.dll+0x730e65]
V  [jvm.dll+0x3cc53f]
V  [jvm.dll+0x3ce861]
C  [jli.dll+0x51ff]
C  [ucrtbase.dll+0x21bb2]
C  [KERNEL32.DLL+0x17034]
C  [ntdll.dll+0x52651]


---------------  P R O C E S S  ---------------

Threads class SMR info:
_java_thread_list=0x00007ff8f7adccb8, length=0, elements={
}

Java Threads: ( => current thread )

Other Threads:
  0x00000219f6c22000 GCTaskThread "GC Thread#0" [stack: 0x0000005b5fd00000,0x0000005b5fe00000] [id=23268]
  0x00000219f6c44000 ConcurrentGCThread "G1 Main Marker" [stack: 0x0000005b5fe00000,0x0000005b5ff00000] [id=8276]
  0x00000219f6c45000 ConcurrentGCThread "G1 Conc#0" [stack: 0x0000005b5ff00000,0x0000005b60000000] [id=4448]

[error occurred during error reporting (printing all threads), id 0xc0000005, EXCEPTION_ACCESS_VIOLATION (0xc0000005) at pc=0x00007ff8f73151d7]

VM state:not at safepoint (not fully initialized)

VM Mutex/Monitor currently owned by a thread:  ([mutex/lock_event])
[0x00000219f6bb1420] Heap_lock - owner thread: 0x00000219f6bb7800

Heap address: 0x0000000702a00000, size: 4054 MB, Compressed Oops mode: Non-zero based: 0x0000000702a00000
Narrow klass base: 0x0000000000000000, Narrow klass shift: 0

GC Heap History (0 events):
No events

Deoptimization events (0 events):
No events

Classes unloaded (0 events):
No events

Classes redefined (0 events):
No events

Internal exceptions (0 events):
No events

Events (8 events):
Event: 0.016 Loaded shared library D:\jdk-13.0.2\bin\zip.dll
Event: 0.017 Loaded shared library D:\jdk-13.0.2\bin\jimage.dll
Event: 0.019 Loading shared library D:\jdk-13.0.2\lib\libjava.base-coop.dll failed, error code 126
Event: 0.019 Loading shared library D:\jdk-13.0.2\lib\libjava.logging-coop.dll failed, error code 126
Event: 0.019 Loading shared library D:\jdk-13.0.2\lib\libjdk.compiler-coop.dll failed, error code 126
Event: 0.019 Loading shared library D:\jdk-13.0.2\lib\libjdk.scripting.nashorn-coop.dll failed, error code 126
Event: 0.019 Loading shared library D:\jdk-13.0.2\lib\libjdk.internal.vm.ci-coop.dll failed, error code 126
Event: 0.019 Loading shared library D:\jdk-13.0.2\lib\libjdk.internal.vm.compiler-coop.dll failed, error code 126


Dynamic libraries:
0x00007ff7baba0000 - 0x00007ff7babaf000 	D:\jdk-13.0.2\bin\javaw.exe
0x00007ff943c30000 - 0x00007ff943e25000 	C:\WINDOWS\SYSTEM32\ntdll.dll
0x00007ff942f70000 - 0x00007ff94302d000 	C:\WINDOWS\System32\KERNEL32.DLL
0x00007ff9417d0000 - 0x00007ff941a98000 	C:\WINDOWS\System32\KERNELBASE.dll
0x00007ff941630000 - 0x00007ff941730000 	C:\WINDOWS\System32\ucrtbase.dll
0x00007ff939730000 - 0x00007ff939745000 	D:\jdk-13.0.2\bin\VCRUNTIME140.dll
0x00007ff939710000 - 0x00007ff939728000 	D:\jdk-13.0.2\bin\jli.dll
0x00007ff9424a0000 - 0x00007ff94254c000 	C:\WINDOWS\System32\ADVAPI32.dll
0x00007ff943750000 - 0x00007ff9437ee000 	C:\WINDOWS\System32\msvcrt.dll
0x00007ff9429f0000 - 0x00007ff942a8b000 	C:\WINDOWS\System32\sechost.dll
0x00007ff943930000 - 0x00007ff943a5b000 	C:\WINDOWS\System32\RPCRT4.dll
0x00007ff9434c0000 - 0x00007ff943660000 	C:\WINDOWS\System32\USER32.dll
0x00007ff928580000 - 0x00007ff92881a000 	C:\WINDOWS\WinSxS\amd64_microsoft.windows.common-controls_6595b64144ccf1df_6.0.19041.1052_none_60b8f8fd71f5e8cb\COMCTL32.dll
0x00007ff941ad0000 - 0x00007ff941af2000 	C:\WINDOWS\System32\win32u.dll
0x00007ff943330000 - 0x00007ff94335a000 	C:\WINDOWS\System32\GDI32.dll
0x00007ff941b00000 - 0x00007ff941c0b000 	C:\WINDOWS\System32\gdi32full.dll
0x00007ff941730000 - 0x00007ff9417cd000 	C:\WINDOWS\System32\msvcp_win.dll
0x00007ff938740000 - 0x00007ff93874a000 	C:\WINDOWS\SYSTEM32\VERSION.dll
0x00007ff9429c0000 - 0x00007ff9429f0000 	C:\WINDOWS\System32\IMM32.DLL
0x00007ff926ac0000 - 0x00007ff926b5b000 	D:\jdk-13.0.2\bin\msvcp140.dll
0x00007ff8f7020000 - 0x00007ff8f7b7d000 	D:\jdk-13.0.2\bin\server\jvm.dll
0x00007ff943740000 - 0x00007ff943748000 	C:\WINDOWS\System32\PSAPI.DLL
0x00007ff939790000 - 0x00007ff9397b7000 	C:\WINDOWS\SYSTEM32\WINMM.dll
0x00007ff938060000 - 0x00007ff938069000 	C:\WINDOWS\SYSTEM32\WSOCK32.dll
0x00007ff9433d0000 - 0x00007ff94343b000 	C:\WINDOWS\System32\WS2_32.dll
0x00007ff93fc40000 - 0x00007ff93fc52000 	C:\WINDOWS\SYSTEM32\kernel.appcore.dll
0x00007ff939630000 - 0x00007ff939640000 	D:\jdk-13.0.2\bin\verify.dll
0x00007ff93f060000 - 0x00007ff93f244000 	C:\WINDOWS\SYSTEM32\DBGHELP.DLL
0x00007ff939760000 - 0x00007ff93978c000 	C:\WINDOWS\SYSTEM32\dbgcore.DLL
0x00007ff941c10000 - 0x00007ff941c93000 	C:\WINDOWS\System32\bcryptPrimitives.dll
0x00007ff92b7f0000 - 0x00007ff92b816000 	D:\jdk-13.0.2\bin\java.dll
0x00007ff935fb0000 - 0x00007ff935fc7000 	D:\jdk-13.0.2\bin\zip.dll
0x00007ff939620000 - 0x00007ff93962a000 	D:\jdk-13.0.2\bin\jimage.dll

dbghelp: loaded successfully - version: 4.0.5 - missing functions: none
symbol engine: initialized successfully - sym options: 0x614 - pdb path: .;D:\jdk-13.0.2\bin;C:\WINDOWS\SYSTEM32;C:\WINDOWS\WinSxS\amd64_microsoft.windows.common-controls_6595b64144ccf1df_6.0.19041.1052_none_60b8f8fd71f5e8cb;D:\jdk-13.0.2\bin\server

VM Arguments:
jvm_args: -Dfile.encoding=Cp1252 
java_command: view.WorldVeiw
java_class_path (initial): C:\Users\Ahmed Elbltagy\eclipse-workspace\EmpireM2\bin;C:\Users\Ahmed Elbltagy\.p2\pool\plugins\org.junit_4.12.0.v201504281640\junit.jar;C:\Users\Ahmed Elbltagy\.p2\pool\plugins\org.hamcrest.core_1.3.0.v20180420-1519.jar
Launcher Type: SUN_STANDARD

[Global flags]
     intx CICompilerCount                          = 4                                         {product} {ergonomic}
     uint ConcGCThreads                            = 3                                         {product} {ergonomic}
     uint G1ConcRefinementThreads                  = 10                                        {product} {ergonomic}
   size_t G1HeapRegionSize                         = 1048576                                   {product} {ergonomic}
    uintx GCDrainStackTargetSize                   = 64                                        {product} {ergonomic}
   size_t InitialHeapSize                          = 266338304                                 {product} {ergonomic}
   size_t MarkStackSize                            = 4194304                                   {product} {ergonomic}
   size_t MaxHeapSize                              = 4250927104                                {product} {ergonomic}
   size_t MinHeapDeltaBytes                        = 1048576                                   {product} {ergonomic}
   size_t MinHeapSize                              = 8388608                                   {product} {ergonomic}
    uintx NonNMethodCodeHeapSize                   = 5839372                                {pd product} {ergonomic}
    uintx NonProfiledCodeHeapSize                  = 122909434                              {pd product} {ergonomic}
    uintx ProfiledCodeHeapSize                     = 122909434                              {pd product} {ergonomic}
    uintx ReservedCodeCacheSize                    = 251658240                              {pd product} {ergonomic}
     bool SegmentedCodeCache                       = true                                      {product} {ergonomic}
   size_t SoftMaxHeapSize                          = 4250927104                             {manageable} {ergonomic}
     bool UseCompressedClassPointers               = true                                 {lp64_product} {ergonomic}
     bool UseCompressedOops                        = true                                 {lp64_product} {ergonomic}
     bool UseG1GC                                  = true                                      {product} {ergonomic}
     bool UseLargePagesIndividualAllocation        = false                                  {pd product} {ergonomic}

Logging:
Log output configuration:
 #0: stdout all=warning uptime,level,tags
 #1: stderr all=off uptime,level,tags

Environment Variables:
PATH=D:/jdk-13.0.2/bin/server;D:/jdk-13.0.2/bin;C:\Program Files (x86)\Common Files\Oracle\Java\javapath;C:\Program Files (x86)\NVIDIA Corporation\PhysX\Common;C:\WINDOWS\system32;C:\WINDOWS;C:\WINDOWS\System32\Wbem;C:\WINDOWS\System32\WindowsPowerShell\v1.0\;C:\WINDOWS\System32\OpenSSH\;C:\Program Files\Dart\dart-sdk\bin;C:\Program Files\Git\cmd;C:\Users\Ahmed Elbltagy\AppData\Local\Microsoft\WindowsApps;C:\Program Files\Dart\dart-sdk\lib;C:\Windows;
USERNAME=Ahmed Elbltagy
OS=Windows_NT
PROCESSOR_IDENTIFIER=Intel64 Family 6 Model 158 Stepping 10, GenuineIntel



---------------  S Y S T E M  ---------------

OS: Windows 10 , 64 bit Build 19041 (10.0.19041.1023)

CPU:total 12 (initial active 12) (6 cores per cpu, 2 threads per core) family 6 model 158 stepping 10, cmov, cx8, fxsr, mmx, sse, sse2, sse3, ssse3, sse4.1, sse4.2, popcnt, avx, avx2, aes, clmul, erms, 3dnowpref, lzcnt, ht, tsc, tscinvbit, bmi1, bmi2, adx, fma

Memory: 4k page, system-wide physical 16214M (9553M free)
TotalPageFile size 46568M (AvailPageFile size 125M)
current process WorkingSet (physical memory assigned to process): 10M, peak: 10M
current process commit charge ("private bytes"): 65M, peak: 319M

vm_info: Java HotSpot(TM) 64-Bit Server VM (13.0.2+8) for windows-amd64 JRE (13.0.2+8), built on Dec 11 2019 09:20:33 by "mach5one" with unknown MS VC++:1916

END.
